list index out of range
Message: element click intercepted: Element <button type="button" class="btn-next">...</button> is not clickable at point (801, 1190). Other element would receive the click: <div data-v-54c6fa04="" class="el-dialog__wrapper" style="z-index: 2001;">...</div>
  (Session info: chrome=91.0.4472.114)

Message: element click intercepted: Element <button type="button" class="btn-next">...</button> is not clickable at point (801, 1234). Other element would receive the click: <div id="sy7qyoyID" role="status" aria-live="polite" aria-atomic="false" class="toasted-container process top-center fit-to-screen">...</div>
  (Session info: chrome=91.0.4472.114)

Message: element click intercepted: Element <button type="button" class="btn-next">...</button> is not clickable at point (801, 1278). Other element would receive the click: <div id="4hc2HQWV1" role="status" aria-live="polite" aria-atomic="false" class="toasted-container process top-center fit-to-screen">...</div>
  (Session info: chrome=91.0.4472.114)

Message: element click intercepted: Element <button type="button" class="btn-next">...</button> is not clickable at point (801, 1234). Other element would receive the click: <div id="plgpyqeYA" role="status" aria-live="polite" aria-atomic="false" class="toasted-container process top-center fit-to-screen">...</div>
  (Session info: chrome=91.0.4472.114)

Message: element click intercepted: Element <button type="button" class="btn-next">...</button> is not clickable at point (801, 1278). Other element would receive the click: <div id="_jb9OfBlj" role="status" aria-live="polite" aria-atomic="false" class="toasted-container process top-center fit-to-screen">...</div>
  (Session info: chrome=91.0.4472.114)

Message: element click intercepted: Element <button type="button" class="btn-next">...</button> is not clickable at point (801, 1234). Other element would receive the click: <div id="CdHeiuYCq" role="status" aria-live="polite" aria-atomic="false" class="toasted-container process top-center fit-to-screen">...</div>
  (Session info: chrome=91.0.4472.114)

Message: element click intercepted: Element <button type="button" class="btn-next">...</button> is not clickable at point (801, 1278). Other element would receive the click: <div id="PBy3f3gOk" role="status" aria-live="polite" aria-atomic="false" class="toasted-container process top-center fit-to-screen">...</div>
  (Session info: chrome=91.0.4472.114)

Message: element click intercepted: Element <button type="button" class="btn-next">...</button> is not clickable at point (801, 1234). Other element would receive the click: <div id="rd1Lh4a3T" role="status" aria-live="polite" aria-atomic="false" class="toasted-container process top-center fit-to-screen">...</div>
  (Session info: chrome=91.0.4472.114)

Message: element click intercepted: Element <button type="button" class="btn-next">...</button> is not clickable at point (801, 1278). Other element would receive the click: <div id="Sdwo6mdMq" role="status" aria-live="polite" aria-atomic="false" class="toasted-container process top-center fit-to-screen">...</div>
  (Session info: chrome=91.0.4472.114)

Message: element click intercepted: Element <button type="button" class="btn-next">...</button> is not clickable at point (801, 1234). Other element would receive the click: <div id="ge1ZTUwk0" role="status" aria-live="polite" aria-atomic="false" class="toasted-container process top-center fit-to-screen">...</div>
  (Session info: chrome=91.0.4472.114)

Message: element click intercepted: Element <button type="button" class="btn-next">...</button> is not clickable at point (801, 1234). Other element would receive the click: <div id="8sLZfzUBf" role="status" aria-live="polite" aria-atomic="false" class="toasted-container process top-center fit-to-screen">...</div>
  (Session info: chrome=91.0.4472.114)

Message: element click intercepted: Element <button type="button" class="btn-next">...</button> is not clickable at point (801, 1278). Other element would receive the click: <div id="4VVMGbI-d" role="status" aria-live="polite" aria-atomic="false" class="toasted-container process top-center fit-to-screen">...</div>
  (Session info: chrome=91.0.4472.114)

Message: element click intercepted: Element <button type="button" class="btn-next">...</button> is not clickable at point (801, 1234). Other element would receive the click: <div id="w80-kEqKF" role="status" aria-live="polite" aria-atomic="false" class="toasted-container process top-center fit-to-screen">...</div>
  (Session info: chrome=91.0.4472.114)

Message: element click intercepted: Element <button type="button" class="btn-next">...</button> is not clickable at point (801, 1278). Other element would receive the click: <div id="rU9romcrn" role="status" aria-live="polite" aria-atomic="false" class="toasted-container process top-center fit-to-screen">...</div>
  (Session info: chrome=91.0.4472.114)

Message: element click intercepted: Element <button type="button" class="btn-next">...</button> is not clickable at point (801, 1234). Other element would receive the click: <div id="3nF-gijXu" role="status" aria-live="polite" aria-atomic="false" class="toasted-container process top-center fit-to-screen">...</div>
  (Session info: chrome=91.0.4472.114)

Message: element click intercepted: Element <button type="button" class="btn-next">...</button> is not clickable at point (801, 1278). Other element would receive the click: <div id="AKzVIdRuk" role="status" aria-live="polite" aria-atomic="false" class="toasted-container process top-center fit-to-screen">...</div>
  (Session info: chrome=91.0.4472.114)

